LINK : warning LNK4098: defaultlib 'MSVCRTD' conflicts with use of other libs; use /NODEFAULTLIB:library
settings.obj : error LNK2001: unresolved external symbol "struct ImGuiStyle & __cdecl ImGui::GetStyle(void)" (?GetStyle@ImGui@@YAAAUImGuiStyle@@XZ)
src.obj : error LNK2001: unresolved external symbol "bool __cdecl ImGui_ImplGlfw_InitForOpenGL(struct GLFWwindow *,bool)" (?ImGui_ImplGlfw_InitForOpenGL@@YA_NPAUGLFWwindow@@_N@Z)
src.obj : error LNK2001: unresolved external symbol "void __cdecl ImGui_ImplOpenGL3_NewFrame(void)" (?ImGui_ImplOpenGL3_NewFrame@@YAXXZ)
src.obj : error LNK2001: unresolved external symbol "void __cdecl ImGui_ImplGlfw_NewFrame(void)" (?ImGui_ImplGlfw_NewFrame@@YAXXZ)
src.obj : error LNK2001: unresolved external symbol "void __cdecl ImGui_ImplOpenGL3_Shutdown(void)" (?ImGui_ImplOpenGL3_Shutdown@@YAXXZ)
src.obj : error LNK2001: unresolved external symbol "bool __cdecl ImGui_ImplOpenGL3_Init(char const *)" (?ImGui_ImplOpenGL3_Init@@YA_NPBD@Z)
src.obj : error LNK2001: unresolved external symbol "void __cdecl ImGui_ImplOpenGL3_RenderDrawData(struct ImDrawData *)" (?ImGui_ImplOpenGL3_RenderDrawData@@YAXPAUImDrawData@@@Z)
src.obj : error LNK2001: unresolved external symbol "void __cdecl ImGui_ImplGlfw_Shutdown(void)" (?ImGui_ImplGlfw_Shutdown@@YAXXZ)
src.obj : error LNK2001: unresolved external symbol "void __cdecl ImGui::End(void)" (?End@ImGui@@YAXXZ)
src.obj : error LNK2001: unresolved external symbol "void __cdecl ImGui::Spacing(void)" (?Spacing@ImGui@@YAXXZ)
src.obj : error LNK2001: unresolved external symbol "struct ImGuiIO & __cdecl ImGui::GetIO(void)" (?GetIO@ImGui@@YAAAUImGuiIO@@XZ)
src.obj : error LNK2001: unresolved external symbol "bool __cdecl ImGui::Checkbox(char const *,bool *)" (?Checkbox@ImGui@@YA_NPBDPA_N@Z)
src.obj : error LNK2001: unresolved external symbol "void __cdecl ImGui::TextColored(struct ImVec4 const &,char const *,...)" (?TextColored@ImGui@@YAXABUImVec4@@PBDZZ)
src.obj : error LNK2001: unresolved external symbol "bool __cdecl ImGui::DebugCheckVersionAndDataLayout(char const *,unsigned int,unsigned int,unsigned int,unsigned int,unsigned int,unsigned int)" (?DebugCheckVersionAndDataLayout@ImGui@@YA_NPBDIIIIII@Z)
src.obj : error LNK2001: unresolved external symbol "struct ImDrawData * __cdecl ImGui::GetDrawData(void)" (?GetDrawData@ImGui@@YAPAUImDrawData@@XZ)
src.obj : error LNK2001: unresolved external symbol "struct ImGuiContext * __cdecl ImGui::CreateContext(struct ImFontAtlas *)" (?CreateContext@ImGui@@YAPAUImGuiContext@@PAUImFontAtlas@@@Z)
src.obj : error LNK2001: unresolved external symbol "void __cdecl ImGui::NewFrame(void)" (?NewFrame@ImGui@@YAXXZ)
src.obj : error LNK2001: unresolved external symbol "void __cdecl ImGui::NextColumn(void)" (?NextColumn@ImGui@@YAXXZ)
src.obj : error LNK2001: unresolved external symbol "void __cdecl ImGui::Render(void)" (?Render@ImGui@@YAXXZ)
src.obj : error LNK2001: unresolved external symbol "bool __cdecl ImGui::Begin(char const *,bool *,int)" (?Begin@ImGui@@YA_NPBDPA_NH@Z)
src.obj : error LNK2001: unresolved external symbol "void __cdecl ImGui::Columns(int,char const *,bool)" (?Columns@ImGui@@YAXHPBD_N@Z)
src.obj : error LNK2001: unresolved external symbol "void __cdecl ImGui::DestroyContext(struct ImGuiContext *)" (?DestroyContext@ImGui@@YAXPAUImGuiContext@@@Z)
src.obj : error LNK2001: unresolved external symbol "void __cdecl ImGui::Separator(void)" (?Separator@ImGui@@YAXXZ)
src.obj : error LNK2001: unresolved external symbol "void __cdecl ImGui::Text(char const *,...)" (?Text@ImGui@@YAXPBDZZ)
src.obj : error LNK2001: unresolved external symbol "void __cdecl ImGui::SetNextWindowSize(struct ImVec2 const &,int)" (?SetNextWindowSize@ImGui@@YAXABUImVec2@@H@Z)
src.obj : error LNK2001: unresolved external symbol "bool __cdecl ImGui::ColorEdit4(char const *,float * const,int)" (?ColorEdit4@ImGui@@YA_NPBDQAMH@Z)
C:\Users\Falke\source\repos\AC Multi Cheat\Release\AC Multi Cheat.exe : fatal error LNK1120: 26 unresolved externals
