c:\users\falke\source\repos\ac multi cheat\release\vc143.pdb
c:\users\falke\source\repos\ac multi cheat\release\utilities.obj
c:\users\falke\source\repos\ac multi cheat\release\src.obj
c:\users\falke\source\repos\ac multi cheat\release\settings.obj
c:\users\falke\source\repos\ac multi cheat\release\render.obj
c:\users\falke\source\repos\ac multi cheat\release\geometry.obj
c:\users\falke\source\repos\ac multi cheat\release\imgui_widgets.obj
c:\users\falke\source\repos\ac multi cheat\release\imgui_tables.obj
c:\users\falke\source\repos\ac multi cheat\release\imgui_impl_opengl3.obj
c:\users\falke\source\repos\ac multi cheat\release\imgui_impl_glfw.obj
c:\users\falke\source\repos\ac multi cheat\release\imgui_draw.obj
c:\users\falke\source\repos\ac multi cheat\release\imgui_demo.obj
c:\users\falke\source\repos\ac multi cheat\release\imgui.obj
c:\users\falke\source\repos\ac multi cheat\release\ac multi cheat.exe
c:\users\falke\source\repos\ac multi cheat\release\ac multi cheat.pdb
c:\users\falke\source\repos\ac multi cheat\release\ac multi cheat.ipdb
c:\users\falke\source\repos\ac multi cheat\release\ac multi cheat.iobj
c:\users\falke\source\repos\ac multi cheat\release\ac multi cheat.tlog\cl.command.1.tlog
c:\users\falke\source\repos\ac multi cheat\release\ac multi cheat.tlog\cl.items.tlog
c:\users\falke\source\repos\ac multi cheat\release\ac multi cheat.tlog\cl.read.1.tlog
c:\users\falke\source\repos\ac multi cheat\release\ac multi cheat.tlog\cl.write.1.tlog
c:\users\falke\source\repos\ac multi cheat\release\ac multi cheat.tlog\link.command.1.tlog
c:\users\falke\source\repos\ac multi cheat\release\ac multi cheat.tlog\link.read.1.tlog
c:\users\falke\source\repos\ac multi cheat\release\ac multi cheat.tlog\link.secondary.1.tlog
c:\users\falke\source\repos\ac multi cheat\release\ac multi cheat.tlog\link.write.1.tlog
