  src.cpp
C:\Program Files (x86)\Windows Kits\10\Include\10.0.22621.0\shared\minwindef.h(130,9): warning C4005: 'APIENTRY': macro redefinition
  (compiling source file 'src.cpp')
      C:\Users\Falke\Desktop\AC-Multi-Cheat-main\AC-Multi-Cheat-main\Dependencies\include\GLFW\glfw3.h(123,11):
      see previous definition of 'APIENTRY'
  
C:\Users\Falke\Desktop\AC-Multi-Cheat-main\AC-Multi-Cheat-main\src.cpp(406,89): warning C4244: 'argument': conversion from 'double' to 'float', possible loss of data
C:\Users\Falke\Desktop\AC-Multi-Cheat-main\AC-Multi-Cheat-main\src.cpp(409,96): warning C4244: 'argument': conversion from 'double' to 'float', possible loss of data
C:\Users\Falke\Desktop\AC-Multi-Cheat-main\AC-Multi-Cheat-main\src.cpp(280,14): warning C4101: 'distanceNDC': unreferenced local variable
C:\Users\Falke\Desktop\AC-Multi-Cheat-main\AC-Multi-Cheat-main\src.cpp(276,14): warning C4101: 'playerHeadCoords': unreferenced local variable
C:\Users\Falke\Desktop\AC-Multi-Cheat-main\AC-Multi-Cheat-main\src.cpp(282,14): warning C4101: 'originNDC': unreferenced local variable
C:\Users\Falke\Desktop\AC-Multi-Cheat-main\AC-Multi-Cheat-main\src.cpp(277,14): warning C4101: 'playerFeetCoords': unreferenced local variable
LINK : warning LNK4098: defaultlib 'MSVCRTD' conflicts with use of other libs; use /NODEFAULTLIB:library
  Generating code
  1 of 1780 functions (<0.1%) were compiled, the rest were copied from previous compilation.
    0 functions were new in current compilation
    23 functions had inline decision re-evaluated but remain unchanged
  Finished generating code
  AC Multi Cheat.vcxproj -> C:\Users\Falke\Desktop\AC-Multi-Cheat-main\AC-Multi-Cheat-main\Release\AC Multi Cheat.exe
  'pwsh.exe' is not recognized as an internal or external command,
  operable program or batch file.
